<?xml version="1.0" encoding="UTF-8"?>
<testsuite name="com.gildedrose.GildedRoseApprovalTest" tests="1" skipped="0" failures="0" errors="0" timestamp="2023-08-09T09:35:21" hostname="lexindeMacBook-Pro.local" time="0.374">
  <properties/>
  <testcase name="foo()" classname="com.gildedrose.GildedRoseApprovalTest" time="0.374"/>
  <system-out><![CDATA[]]></system-out>
  <system-err><![CDATA[]]></system-err>
</testsuite>
